0 info it worked if it ends with ok
1 verbose cli [ '/Users/meghankradolfer/Documents/repos/brandmonitor/lib/node/bin/node',
1 verbose cli   '/Users/meghankradolfer/Documents/repos/brandmonitor/bin/npm',
1 verbose cli   'run',
1 verbose cli   'build-css' ]
2 info using npm@4.0.5
3 info using node@v7.4.0
4 verbose run-script [ 'prebuild-css', 'build-css', 'postbuild-css' ]
5 info lifecycle meghan-kradolfer@1.0.0~prebuild-css: meghan-kradolfer@1.0.0
6 silly lifecycle meghan-kradolfer@1.0.0~prebuild-css: no script for prebuild-css, continuing
7 info lifecycle meghan-kradolfer@1.0.0~build-css: meghan-kradolfer@1.0.0
8 verbose lifecycle meghan-kradolfer@1.0.0~build-css: unsafe-perm in lifecycle true
9 verbose lifecycle meghan-kradolfer@1.0.0~build-css: PATH: /Users/meghankradolfer/Documents/repos/brandmonitor/lib/node/lib/node_modules/npm/bin/node-gyp-bin:/Users/meghankradolfer/Documents/my-stuff/meghan-kradolfer-v2/node_modules/.bin:/Users/meghankradolfer/Documents/my-stuff/meghan-kradolfer-v2/node_modules/.bin:/Users/meghankradolfer/.config/yarn/link/node_modules/.bin:/Users/meghankradolfer/Documents/my-stuff/meghan-kradolfer-v2/node_modules/.bin:/Users/meghankradolfer/.config/yarn/link/node_modules/.bin:/Users/meghankradolfer/Documents/repos/brandmonitor/lib/node/lib/node_modules/npm/bin/node-gyp-bin:/Users/meghankradolfer/Documents/repos/brandmonitor/lib/node/bin/node_modules/npm/bin/node-gyp-bin:/Users/meghankradolfer/Documents/my-stuff/meghan-kradolfer-v2/node_modules/.bin:/Users/meghankradolfer/.config/yarn/link/node_modules/.bin:/Users/meghankradolfer/Documents/my-stuff/meghan-kradolfer-v2/node_modules/.bin:/Users/meghankradolfer/.config/yarn/link/node_modules/.bin:/Users/meghankradolfer/Documents/repos/brandmonitor/lib/node/lib/node_modules/npm/bin/node-gyp-bin:/Users/meghankradolfer/Documents/repos/brandmonitor/lib/node/bin/node_modules/npm/bin/node-gyp-bin:/Users/meghankradolfer/Documents/repos/brandmonitor/bin:/usr/local/bin:/usr/bin:/bin:/usr/sbin:/sbin
10 verbose lifecycle meghan-kradolfer@1.0.0~build-css: CWD: /Users/meghankradolfer/Documents/my-stuff/meghan-kradolfer-v2
11 silly lifecycle meghan-kradolfer@1.0.0~build-css: Args: [ '-c',
11 silly lifecycle   'node-sass-chokidar --include-path ./src --include-path ./node_modules src/ -o src/' ]
12 silly lifecycle meghan-kradolfer@1.0.0~build-css: Returned: code: 1  signal: null
13 info lifecycle meghan-kradolfer@1.0.0~build-css: Failed to exec build-css script
14 verbose stack Error: meghan-kradolfer@1.0.0 build-css: `node-sass-chokidar --include-path ./src --include-path ./node_modules src/ -o src/`
14 verbose stack Exit status 1
14 verbose stack     at EventEmitter.<anonymous> (/Users/meghankradolfer/Documents/repos/brandmonitor/lib/node/lib/node_modules/npm/lib/utils/lifecycle.js:279:16)
14 verbose stack     at emitTwo (events.js:106:13)
14 verbose stack     at EventEmitter.emit (events.js:191:7)
14 verbose stack     at ChildProcess.<anonymous> (/Users/meghankradolfer/Documents/repos/brandmonitor/lib/node/lib/node_modules/npm/lib/utils/spawn.js:40:14)
14 verbose stack     at emitTwo (events.js:106:13)
14 verbose stack     at ChildProcess.emit (events.js:191:7)
14 verbose stack     at maybeClose (internal/child_process.js:885:16)
14 verbose stack     at Process.ChildProcess._handle.onexit (internal/child_process.js:226:5)
15 verbose pkgid meghan-kradolfer@1.0.0
16 verbose cwd /Users/meghankradolfer/Documents/my-stuff/meghan-kradolfer-v2
17 error Darwin 17.4.0
18 error argv "/Users/meghankradolfer/Documents/repos/brandmonitor/lib/node/bin/node" "/Users/meghankradolfer/Documents/repos/brandmonitor/bin/npm" "run" "build-css"
19 error node v7.4.0
20 error npm  v4.0.5
21 error code ELIFECYCLE
22 error meghan-kradolfer@1.0.0 build-css: `node-sass-chokidar --include-path ./src --include-path ./node_modules src/ -o src/`
22 error Exit status 1
23 error Failed at the meghan-kradolfer@1.0.0 build-css script 'node-sass-chokidar --include-path ./src --include-path ./node_modules src/ -o src/'.
23 error Make sure you have the latest version of node.js and npm installed.
23 error If you do, this is most likely a problem with the meghan-kradolfer package,
23 error not with npm itself.
23 error Tell the author that this fails on your system:
23 error     node-sass-chokidar --include-path ./src --include-path ./node_modules src/ -o src/
23 error You can get information on how to open an issue for this project with:
23 error     npm bugs meghan-kradolfer
23 error Or if that isn't available, you can get their info via:
23 error     npm owner ls meghan-kradolfer
23 error There is likely additional logging output above.
24 verbose exit [ 1, true ]
